[debug] [2025-02-07T17:49:43.754Z] ----------------------------------------------------------------------
[debug] [2025-02-07T17:49:43.756Z] Command:       /usr/bin/node /usr/bin/firebase init
[debug] [2025-02-07T17:49:43.757Z] CLI Version:   13.30.0
[debug] [2025-02-07T17:49:43.757Z] Platform:      linux
[debug] [2025-02-07T17:49:43.757Z] Node Version:  v20.18.2
[debug] [2025-02-07T17:49:43.757Z] Time:          Fri Feb 07 2025 23:19:43 GMT+0530 (India Standard Time)
[debug] [2025-02-07T17:49:43.757Z] ----------------------------------------------------------------------
[debug] 
[debug] [2025-02-07T17:49:43.762Z] > command requires scopes: ["email","openid","https://www.googleapis.com/auth/cloudplatformprojects.readonly","https://www.googleapis.com/auth/firebase","https://www.googleapis.com/auth/cloud-platform"]
[debug] [2025-02-07T17:49:43.763Z] > authorizing via signed-in user (khemavardhan879@gmail.com)
[info] 
     ######## #### ########  ######## ########     ###     ######  ########
     ##        ##  ##     ## ##       ##     ##  ##   ##  ##       ##
     ######    ##  ########  ######   ########  #########  ######  ######
     ##        ##  ##    ##  ##       ##     ## ##     ##       ## ##
     ##       #### ##     ## ######## ########  ##     ##  ######  ########

You're about to initialize a Firebase project in this directory:

  /home/acer/fabric/fabric-samples/frontend/auth-app/src

[info] 
=== Project Setup
[info] 
[info] First, let's associate this project directory with a Firebase project.
[info] You can create multiple project aliases by running firebase use --add, 
[info] but for now we'll just set up a default project.
[info] 
[debug] [2025-02-07T17:50:57.730Z] Checked if tokens are valid: false, expires at: 1738780055556
[debug] [2025-02-07T17:50:57.731Z] Checked if tokens are valid: false, expires at: 1738780055556
[debug] [2025-02-07T17:50:57.731Z] > refreshing access token with scopes: []
[debug] [2025-02-07T17:50:57.735Z] >>> [apiv2][query] POST https://www.googleapis.com/oauth2/v3/token [none]
[debug] [2025-02-07T17:50:57.735Z] >>> [apiv2][body] POST https://www.googleapis.com/oauth2/v3/token [omitted]
[debug] [2025-02-07T17:50:59.010Z] <<< [apiv2][status] POST https://www.googleapis.com/oauth2/v3/token 200
[debug] [2025-02-07T17:50:59.011Z] <<< [apiv2][body] POST https://www.googleapis.com/oauth2/v3/token [omitted]
[debug] [2025-02-07T17:50:59.022Z] >>> [apiv2][query] GET https://firebase.googleapis.com/v1beta1/projects pageSize=100
[debug] [2025-02-07T17:51:00.257Z] <<< [apiv2][status] GET https://firebase.googleapis.com/v1beta1/projects 200
[debug] [2025-02-07T17:51:00.257Z] <<< [apiv2][body] GET https://firebase.googleapis.com/v1beta1/projects [omitted]
[info] i  Using project logisticx-4dd07 (logisticx) 
[info] 
=== Dataconnect Setup
[debug] [2025-02-07T17:51:03.261Z] Checked if tokens are valid: true, expires at: 1738954258011
[debug] [2025-02-07T17:51:03.261Z] Checked if tokens are valid: true, expires at: 1738954258011
[debug] [2025-02-07T17:51:03.261Z] >>> [apiv2][query] GET https://cloudbilling.googleapis.com/v1/projects/logisticx-4dd07/billingInfo [none]
[debug] [2025-02-07T17:51:05.592Z] <<< [apiv2][status] GET https://cloudbilling.googleapis.com/v1/projects/logisticx-4dd07/billingInfo 200
[debug] [2025-02-07T17:51:05.593Z] <<< [apiv2][body] GET https://cloudbilling.googleapis.com/v1/projects/logisticx-4dd07/billingInfo {"name":"projects/logisticx-4dd07/billingInfo","projectId":"logisticx-4dd07","billingAccountName":"","billingEnabled":false}
[info] i  dataconnect: ensuring required API sqladmin.googleapis.com is enabled... 
[debug] [2025-02-07T17:51:05.594Z] Checked if tokens are valid: true, expires at: 1738954258011
[debug] [2025-02-07T17:51:05.594Z] Checked if tokens are valid: true, expires at: 1738954258011
[debug] [2025-02-07T17:51:05.594Z] >>> [apiv2][query] GET https://serviceusage.googleapis.com/v1/projects/logisticx-4dd07/services/sqladmin.googleapis.com [none]
[debug] [2025-02-07T17:51:05.594Z] >>> [apiv2][(partial)header] GET https://serviceusage.googleapis.com/v1/projects/logisticx-4dd07/services/sqladmin.googleapis.com x-goog-quota-user=projects/logisticx-4dd07
[debug] [2025-02-07T17:51:08.327Z] <<< [apiv2][status] GET https://serviceusage.googleapis.com/v1/projects/logisticx-4dd07/services/sqladmin.googleapis.com 200
[debug] [2025-02-07T17:51:08.327Z] <<< [apiv2][body] GET https://serviceusage.googleapis.com/v1/projects/logisticx-4dd07/services/sqladmin.googleapis.com [omitted]
[info] ✔  dataconnect: required API sqladmin.googleapis.com is enabled 
[info] ✔  Wrote dataconnect/dataconnect.yaml 
[info] ✔  Wrote dataconnect/schema/schema.gql 
[info] ✔  Wrote dataconnect/connector/connector.yaml 
[info] ✔  Wrote dataconnect/connector/queries.gql 
[info] ✔  Wrote dataconnect/connector/mutations.gql 
[info] i  If you'd like to add the generated SDK to your app your, run firebase init dataconnect:sdk 
[info] i  If you'd like to provision a CloudSQL Postgres instance on the Firebase Data Connect no-cost trial:
1. Please upgrade to the pay-as-you-go (Blaze) billing plan. Visit the following page:
     https://console.firebase.google.com/project/logisticx-4dd07/usage/details
2. Run firebase init dataconnect again to configure the Cloud SQL instance.
3. Run firebase deploy --only dataconnect to deploy your Data Connect service. 
[info] 
=== Firestore Setup
[debug] [2025-02-07T17:51:08.368Z] Checked if tokens are valid: true, expires at: 1738954258011
[debug] [2025-02-07T17:51:08.368Z] Checked if tokens are valid: true, expires at: 1738954258011
[debug] [2025-02-07T17:51:08.368Z] >>> [apiv2][query] GET https://serviceusage.googleapis.com/v1/projects/logisticx-4dd07/services/firestore.googleapis.com [none]
[debug] [2025-02-07T17:51:08.368Z] >>> [apiv2][(partial)header] GET https://serviceusage.googleapis.com/v1/projects/logisticx-4dd07/services/firestore.googleapis.com x-goog-quota-user=projects/logisticx-4dd07
[debug] [2025-02-07T17:51:10.271Z] <<< [apiv2][status] GET https://serviceusage.googleapis.com/v1/projects/logisticx-4dd07/services/firestore.googleapis.com 200
[debug] [2025-02-07T17:51:10.271Z] <<< [apiv2][body] GET https://serviceusage.googleapis.com/v1/projects/logisticx-4dd07/services/firestore.googleapis.com [omitted]
[debug] [2025-02-07T17:51:10.272Z] Checked if tokens are valid: true, expires at: 1738954258011
[debug] [2025-02-07T17:51:10.272Z] Checked if tokens are valid: true, expires at: 1738954258011
[debug] [2025-02-07T17:51:10.272Z] >>> [apiv2][query] GET https://firestore.googleapis.com/v1/projects/logisticx-4dd07/databases/(default) [none]
[debug] [2025-02-07T17:51:11.512Z] <<< [apiv2][status] GET https://firestore.googleapis.com/v1/projects/logisticx-4dd07/databases/(default) 200
[debug] [2025-02-07T17:51:11.512Z] <<< [apiv2][body] GET https://firestore.googleapis.com/v1/projects/logisticx-4dd07/databases/(default) {"name":"projects/logisticx-4dd07/databases/(default)","uid":"2a35b506-b566-47da-97b1-6e4190c8a3ac","createTime":"2025-02-05T19:23:52.986633Z","updateTime":"2025-02-05T19:23:52.986633Z","locationId":"asia-south1","type":"FIRESTORE_NATIVE","concurrencyMode":"PESSIMISTIC","versionRetentionPeriod":"3600s","earliestVersionTime":"2025-02-07T16:51:11.577533Z","appEngineIntegrationMode":"DISABLED","keyPrefix":"j","pointInTimeRecoveryEnablement":"POINT_IN_TIME_RECOVERY_DISABLED","deleteProtectionState":"DELETE_PROTECTION_DISABLED","databaseEdition":"STANDARD","etag":"INvevoiQsosDMImg9YahrYsD"}
[debug] [2025-02-07T17:51:11.512Z] database_type: FIRESTORE_NATIVE
[debug] [2025-02-07T17:51:11.512Z] database_type: FIRESTORE_NATIVE
[debug] [2025-02-07T17:51:11.512Z] > command requires scopes: ["email","openid","https://www.googleapis.com/auth/cloudplatformprojects.readonly","https://www.googleapis.com/auth/firebase","https://www.googleapis.com/auth/cloud-platform"]
[debug] [2025-02-07T17:51:11.513Z] > authorizing via signed-in user (khemavardhan879@gmail.com)
[debug] [2025-02-07T17:51:11.513Z] [iam] checking project logisticx-4dd07 for permissions ["firebase.projects.get"]
[debug] [2025-02-07T17:51:11.513Z] Checked if tokens are valid: true, expires at: 1738954258011
[debug] [2025-02-07T17:51:11.514Z] Checked if tokens are valid: true, expires at: 1738954258011
[debug] [2025-02-07T17:51:11.514Z] >>> [apiv2][query] POST https://cloudresourcemanager.googleapis.com/v1/projects/logisticx-4dd07:testIamPermissions [none]
[debug] [2025-02-07T17:51:11.514Z] >>> [apiv2][(partial)header] POST https://cloudresourcemanager.googleapis.com/v1/projects/logisticx-4dd07:testIamPermissions x-goog-quota-user=projects/logisticx-4dd07
[debug] [2025-02-07T17:51:11.514Z] >>> [apiv2][body] POST https://cloudresourcemanager.googleapis.com/v1/projects/logisticx-4dd07:testIamPermissions {"permissions":["firebase.projects.get"]}
[debug] [2025-02-07T17:51:13.858Z] <<< [apiv2][status] POST https://cloudresourcemanager.googleapis.com/v1/projects/logisticx-4dd07:testIamPermissions 200
[debug] [2025-02-07T17:51:13.858Z] <<< [apiv2][body] POST https://cloudresourcemanager.googleapis.com/v1/projects/logisticx-4dd07:testIamPermissions {"permissions":["firebase.projects.get"]}
[info] 
[info] Firestore Security Rules allow you to define how and when to allow
[info] requests. You can keep these rules in your project directory
[info] and publish them with firebase deploy.
[info] 
[debug] [2025-02-07T17:51:41.118Z] Checked if tokens are valid: true, expires at: 1738954258011
[debug] [2025-02-07T17:51:41.119Z] Checked if tokens are valid: true, expires at: 1738954258011
[debug] [2025-02-07T17:51:41.119Z] >>> [apiv2][query] GET https://firebaserules.googleapis.com/v1/projects/logisticx-4dd07/releases pageSize=10&pageToken=
[debug] [2025-02-07T17:51:42.346Z] <<< [apiv2][status] GET https://firebaserules.googleapis.com/v1/projects/logisticx-4dd07/releases 200
[debug] [2025-02-07T17:51:42.346Z] <<< [apiv2][body] GET https://firebaserules.googleapis.com/v1/projects/logisticx-4dd07/releases {"releases":[{"name":"projects/logisticx-4dd07/releases/cloud.firestore","rulesetName":"projects/logisticx-4dd07/rulesets/dbded3e9-5f90-4a54-9c3c-9cf0693911f5","createTime":"2025-02-05T19:24:00.253641Z","updateTime":"2025-02-05T19:24:00.253641Z"}]}
[debug] [2025-02-07T17:51:42.346Z] Found ruleset: projects/logisticx-4dd07/rulesets/dbded3e9-5f90-4a54-9c3c-9cf0693911f5
[debug] [2025-02-07T17:51:42.347Z] Checked if tokens are valid: true, expires at: 1738954258011
[debug] [2025-02-07T17:51:42.347Z] Checked if tokens are valid: true, expires at: 1738954258011
[debug] [2025-02-07T17:51:42.347Z] >>> [apiv2][query] GET https://firebaserules.googleapis.com/v1/projects/logisticx-4dd07/rulesets/dbded3e9-5f90-4a54-9c3c-9cf0693911f5 [none]
[debug] [2025-02-07T17:51:42.841Z] <<< [apiv2][status] GET https://firebaserules.googleapis.com/v1/projects/logisticx-4dd07/rulesets/dbded3e9-5f90-4a54-9c3c-9cf0693911f5 200
[debug] [2025-02-07T17:51:42.841Z] <<< [apiv2][body] GET https://firebaserules.googleapis.com/v1/projects/logisticx-4dd07/rulesets/dbded3e9-5f90-4a54-9c3c-9cf0693911f5 [omitted]
[info] 
[info] Firestore indexes allow you to perform complex queries while
[info] maintaining performance that scales with the size of the result
[info] set. You can keep index definitions in your project directory
[info] and publish them with firebase deploy.
[info] 
[debug] [2025-02-07T17:52:06.977Z] Checked if tokens are valid: true, expires at: 1738954258011
[debug] [2025-02-07T17:52:06.977Z] Checked if tokens are valid: true, expires at: 1738954258011
[debug] [2025-02-07T17:52:06.978Z] Checked if tokens are valid: true, expires at: 1738954258011
[debug] [2025-02-07T17:52:06.978Z] Checked if tokens are valid: true, expires at: 1738954258011
[debug] [2025-02-07T17:52:06.978Z] >>> [apiv2][query] GET https://firestore.googleapis.com/v1/projects/logisticx-4dd07/databases/(default)/collectionGroups/-/indexes [none]
[debug] [2025-02-07T17:52:06.981Z] >>> [apiv2][query] GET https://firestore.googleapis.com/v1/projects/logisticx-4dd07/databases/(default)/collectionGroups/-/fields?filter=indexConfig.usesAncestorConfig=false OR ttlConfig:* [none]
[debug] [2025-02-07T17:52:07.556Z] <<< [apiv2][status] GET https://firestore.googleapis.com/v1/projects/logisticx-4dd07/databases/(default)/collectionGroups/-/indexes 200
[debug] [2025-02-07T17:52:07.556Z] <<< [apiv2][body] GET https://firestore.googleapis.com/v1/projects/logisticx-4dd07/databases/(default)/collectionGroups/-/indexes {}
[debug] [2025-02-07T17:52:07.606Z] <<< [apiv2][status] GET https://firestore.googleapis.com/v1/projects/logisticx-4dd07/databases/(default)/collectionGroups/-/fields?filter=indexConfig.usesAncestorConfig=false OR ttlConfig:* 200
[debug] [2025-02-07T17:52:07.607Z] <<< [apiv2][body] GET https://firestore.googleapis.com/v1/projects/logisticx-4dd07/databases/(default)/collectionGroups/-/fields?filter=indexConfig.usesAncestorConfig=false OR ttlConfig:* {"fields":[{"name":"projects/logisticx-4dd07/databases/(default)/collectionGroups/__default__/fields/*","indexConfig":{"indexes":[{"queryScope":"COLLECTION","fields":[{"fieldPath":"*","order":"ASCENDING"}],"state":"READY"},{"queryScope":"COLLECTION","fields":[{"fieldPath":"*","order":"DESCENDING"}],"state":"READY"},{"queryScope":"COLLECTION","fields":[{"fieldPath":"*","arrayConfig":"CONTAINS"}],"state":"READY"}]}}]}
[info] 
=== Genkit Setup
[debug] [2025-02-07T17:52:14.393Z] > command requires scopes: ["email","openid","https://www.googleapis.com/auth/cloudplatformprojects.readonly","https://www.googleapis.com/auth/firebase","https://www.googleapis.com/auth/cloud-platform"]
[debug] [2025-02-07T17:52:14.393Z] > authorizing via signed-in user (khemavardhan879@gmail.com)
[debug] [2025-02-07T17:52:14.393Z] [iam] checking project logisticx-4dd07 for permissions ["firebase.projects.get"]
[debug] [2025-02-07T17:52:14.394Z] Checked if tokens are valid: true, expires at: 1738954258011
[debug] [2025-02-07T17:52:14.394Z] Checked if tokens are valid: true, expires at: 1738954258011
[debug] [2025-02-07T17:52:14.394Z] >>> [apiv2][query] POST https://cloudresourcemanager.googleapis.com/v1/projects/logisticx-4dd07:testIamPermissions [none]
[debug] [2025-02-07T17:52:14.394Z] >>> [apiv2][(partial)header] POST https://cloudresourcemanager.googleapis.com/v1/projects/logisticx-4dd07:testIamPermissions x-goog-quota-user=projects/logisticx-4dd07
[debug] [2025-02-07T17:52:14.394Z] >>> [apiv2][body] POST https://cloudresourcemanager.googleapis.com/v1/projects/logisticx-4dd07:testIamPermissions {"permissions":["firebase.projects.get"]}
[debug] [2025-02-07T17:52:16.010Z] <<< [apiv2][status] POST https://cloudresourcemanager.googleapis.com/v1/projects/logisticx-4dd07:testIamPermissions 200
[debug] [2025-02-07T17:52:16.011Z] <<< [apiv2][body] POST https://cloudresourcemanager.googleapis.com/v1/projects/logisticx-4dd07:testIamPermissions {"permissions":["firebase.projects.get"]}
[debug] [2025-02-07T17:52:16.011Z] Checked if tokens are valid: true, expires at: 1738954258011
[debug] [2025-02-07T17:52:16.011Z] Checked if tokens are valid: true, expires at: 1738954258011
[debug] [2025-02-07T17:52:16.012Z] Checked if tokens are valid: true, expires at: 1738954258011
[debug] [2025-02-07T17:52:16.012Z] Checked if tokens are valid: true, expires at: 1738954258011
[debug] [2025-02-07T17:52:16.013Z] >>> [apiv2][query] GET https://serviceusage.googleapis.com/v1/projects/logisticx-4dd07/services/cloudfunctions.googleapis.com [none]
[debug] [2025-02-07T17:52:16.013Z] >>> [apiv2][(partial)header] GET https://serviceusage.googleapis.com/v1/projects/logisticx-4dd07/services/cloudfunctions.googleapis.com x-goog-quota-user=projects/logisticx-4dd07
[debug] [2025-02-07T17:52:16.016Z] >>> [apiv2][query] GET https://serviceusage.googleapis.com/v1/projects/logisticx-4dd07/services/runtimeconfig.googleapis.com [none]
[debug] [2025-02-07T17:52:16.016Z] >>> [apiv2][(partial)header] GET https://serviceusage.googleapis.com/v1/projects/logisticx-4dd07/services/runtimeconfig.googleapis.com x-goog-quota-user=projects/logisticx-4dd07
[debug] [2025-02-07T17:52:17.860Z] <<< [apiv2][status] GET https://serviceusage.googleapis.com/v1/projects/logisticx-4dd07/services/cloudfunctions.googleapis.com 200
[debug] [2025-02-07T17:52:17.861Z] <<< [apiv2][body] GET https://serviceusage.googleapis.com/v1/projects/logisticx-4dd07/services/cloudfunctions.googleapis.com [omitted]
[debug] [2025-02-07T17:52:17.861Z] Checked if tokens are valid: true, expires at: 1738954258011
[debug] [2025-02-07T17:52:17.861Z] Checked if tokens are valid: true, expires at: 1738954258011
[debug] [2025-02-07T17:52:17.862Z] >>> [apiv2][query] POST https://serviceusage.googleapis.com/v1/projects/logisticx-4dd07/services/cloudfunctions.googleapis.com:enable [none]
[debug] [2025-02-07T17:52:17.862Z] >>> [apiv2][(partial)header] POST https://serviceusage.googleapis.com/v1/projects/logisticx-4dd07/services/cloudfunctions.googleapis.com:enable x-goog-quota-user=projects/logisticx-4dd07
[debug] [2025-02-07T17:52:17.863Z] <<< [apiv2][status] GET https://serviceusage.googleapis.com/v1/projects/logisticx-4dd07/services/runtimeconfig.googleapis.com 200
[debug] [2025-02-07T17:52:17.863Z] <<< [apiv2][body] GET https://serviceusage.googleapis.com/v1/projects/logisticx-4dd07/services/runtimeconfig.googleapis.com [omitted]
[debug] [2025-02-07T17:52:18.781Z] <<< [apiv2][status] POST https://serviceusage.googleapis.com/v1/projects/logisticx-4dd07/services/cloudfunctions.googleapis.com:enable 200
[debug] [2025-02-07T17:52:18.781Z] <<< [apiv2][body] POST https://serviceusage.googleapis.com/v1/projects/logisticx-4dd07/services/cloudfunctions.googleapis.com:enable [omitted]
[debug] [2025-02-07T17:52:28.787Z] Checked if tokens are valid: true, expires at: 1738954258011
[debug] [2025-02-07T17:52:28.787Z] Checked if tokens are valid: true, expires at: 1738954258011
[debug] [2025-02-07T17:52:28.788Z] >>> [apiv2][query] GET https://serviceusage.googleapis.com/v1/projects/logisticx-4dd07/services/cloudfunctions.googleapis.com [none]
[debug] [2025-02-07T17:52:28.788Z] >>> [apiv2][(partial)header] GET https://serviceusage.googleapis.com/v1/projects/logisticx-4dd07/services/cloudfunctions.googleapis.com x-goog-quota-user=projects/logisticx-4dd07
[debug] [2025-02-07T17:52:31.166Z] <<< [apiv2][status] GET https://serviceusage.googleapis.com/v1/projects/logisticx-4dd07/services/cloudfunctions.googleapis.com 200
[debug] [2025-02-07T17:52:31.166Z] <<< [apiv2][body] GET https://serviceusage.googleapis.com/v1/projects/logisticx-4dd07/services/cloudfunctions.googleapis.com [omitted]
[info] Let's create a new codebase for your functions.
[info] A directory corresponding to the codebase will be created in your project
[info] with sample code pre-configured.

[info] See https://firebase.google.com/docs/functions/organize-functions for
[info] more information on organizing your functions using codebases.

[info] Functions can be deployed with firebase deploy.

[info] ✔  Wrote functions/package.json 
[info] ✔  Wrote functions/.eslintrc.js 
[info] ✔  Wrote functions/tsconfig.json 
[info] ✔  Wrote functions/tsconfig.dev.json 
[info] ✔  Wrote functions/src/index.ts 
[info] ✔  Wrote functions/.gitignore 
[info] 
[info] i  genkit: Installing Genkit CLI version 0.9.12
 
[error] ⬢  genkit: Genkit initialization failed: Error: spawn(npm, [install, -g, genkit-cli@0.9.12
]) 
 exited with code: 243 
[info] 
=== Functions Setup
[debug] [2025-02-07T17:56:20.026Z] > command requires scopes: ["email","openid","https://www.googleapis.com/auth/cloudplatformprojects.readonly","https://www.googleapis.com/auth/firebase","https://www.googleapis.com/auth/cloud-platform"]
[debug] [2025-02-07T17:56:20.027Z] > authorizing via signed-in user (khemavardhan879@gmail.com)
[debug] [2025-02-07T17:56:20.027Z] [iam] checking project logisticx-4dd07 for permissions ["firebase.projects.get"]
[debug] [2025-02-07T17:56:20.027Z] Checked if tokens are valid: true, expires at: 1738954258011
[debug] [2025-02-07T17:56:20.027Z] Checked if tokens are valid: true, expires at: 1738954258011
[debug] [2025-02-07T17:56:20.027Z] >>> [apiv2][query] POST https://cloudresourcemanager.googleapis.com/v1/projects/logisticx-4dd07:testIamPermissions [none]
[debug] [2025-02-07T17:56:20.027Z] >>> [apiv2][(partial)header] POST https://cloudresourcemanager.googleapis.com/v1/projects/logisticx-4dd07:testIamPermissions x-goog-quota-user=projects/logisticx-4dd07
[debug] [2025-02-07T17:56:20.027Z] >>> [apiv2][body] POST https://cloudresourcemanager.googleapis.com/v1/projects/logisticx-4dd07:testIamPermissions {"permissions":["firebase.projects.get"]}
[debug] [2025-02-07T17:56:22.045Z] <<< [apiv2][status] POST https://cloudresourcemanager.googleapis.com/v1/projects/logisticx-4dd07:testIamPermissions 200
[debug] [2025-02-07T17:56:22.045Z] <<< [apiv2][body] POST https://cloudresourcemanager.googleapis.com/v1/projects/logisticx-4dd07:testIamPermissions {"permissions":["firebase.projects.get"]}
[debug] [2025-02-07T17:56:22.045Z] Checked if tokens are valid: true, expires at: 1738954258011
[debug] [2025-02-07T17:56:22.046Z] Checked if tokens are valid: true, expires at: 1738954258011
[debug] [2025-02-07T17:56:22.046Z] Checked if tokens are valid: true, expires at: 1738954258011
[debug] [2025-02-07T17:56:22.046Z] Checked if tokens are valid: true, expires at: 1738954258011
[debug] [2025-02-07T17:56:22.046Z] >>> [apiv2][query] GET https://serviceusage.googleapis.com/v1/projects/logisticx-4dd07/services/cloudfunctions.googleapis.com [none]
[debug] [2025-02-07T17:56:22.046Z] >>> [apiv2][(partial)header] GET https://serviceusage.googleapis.com/v1/projects/logisticx-4dd07/services/cloudfunctions.googleapis.com x-goog-quota-user=projects/logisticx-4dd07
[debug] [2025-02-07T17:56:22.048Z] >>> [apiv2][query] GET https://serviceusage.googleapis.com/v1/projects/logisticx-4dd07/services/runtimeconfig.googleapis.com [none]
[debug] [2025-02-07T17:56:22.048Z] >>> [apiv2][(partial)header] GET https://serviceusage.googleapis.com/v1/projects/logisticx-4dd07/services/runtimeconfig.googleapis.com x-goog-quota-user=projects/logisticx-4dd07
[debug] [2025-02-07T17:56:24.575Z] <<< [apiv2][status] GET https://serviceusage.googleapis.com/v1/projects/logisticx-4dd07/services/runtimeconfig.googleapis.com 200
[debug] [2025-02-07T17:56:24.575Z] <<< [apiv2][body] GET https://serviceusage.googleapis.com/v1/projects/logisticx-4dd07/services/runtimeconfig.googleapis.com [omitted]
[debug] [2025-02-07T17:56:24.577Z] <<< [apiv2][status] GET https://serviceusage.googleapis.com/v1/projects/logisticx-4dd07/services/cloudfunctions.googleapis.com 200
[debug] [2025-02-07T17:56:24.577Z] <<< [apiv2][body] GET https://serviceusage.googleapis.com/v1/projects/logisticx-4dd07/services/cloudfunctions.googleapis.com [omitted]
[info] 
Detected existing codebase(s): default

[info] 
Overwriting codebase default...

[info] ✔  Wrote functions/package.json 
[info] ✔  Wrote functions/index.js 
[info] ✔  Wrote functions/.eslintrc.js 
[info] ✔  Wrote functions/.gitignore 
[info] 
=== Apphosting Setup
[debug] [2025-02-07T17:57:01.191Z] Checked if tokens are valid: true, expires at: 1738954258011
[debug] [2025-02-07T17:57:01.191Z] Checked if tokens are valid: true, expires at: 1738954258011
[debug] [2025-02-07T17:57:01.191Z] >>> [apiv2][query] GET https://cloudbilling.googleapis.com/v1/projects/logisticx-4dd07/billingInfo [none]
[debug] [2025-02-07T17:57:03.417Z] <<< [apiv2][status] GET https://cloudbilling.googleapis.com/v1/projects/logisticx-4dd07/billingInfo 200
[debug] [2025-02-07T17:57:03.418Z] <<< [apiv2][body] GET https://cloudbilling.googleapis.com/v1/projects/logisticx-4dd07/billingInfo {"name":"projects/logisticx-4dd07/billingInfo","projectId":"logisticx-4dd07","billingAccountName":"","billingEnabled":false}
[info] i  Writing default settings to apphosting.yaml... 
[info] ✔  Wrote apphosting.yaml 
[info] ✔  Create a new App Hosting backend with `firebase apphosting:backends:create` 
[info] 
=== Hosting Setup
[debug] [2025-02-07T17:57:03.420Z] Checked if tokens are valid: true, expires at: 1738954258011
[debug] [2025-02-07T17:57:03.420Z] Checked if tokens are valid: true, expires at: 1738954258011
[debug] [2025-02-07T17:57:03.420Z] >>> [apiv2][query] GET https://firebase.googleapis.com/v1beta1/projects/logisticx-4dd07 [none]
[debug] [2025-02-07T17:57:04.337Z] <<< [apiv2][status] GET https://firebase.googleapis.com/v1beta1/projects/logisticx-4dd07 200
[debug] [2025-02-07T17:57:04.337Z] <<< [apiv2][body] GET https://firebase.googleapis.com/v1beta1/projects/logisticx-4dd07 {"projectId":"logisticx-4dd07","projectNumber":"648334461773","displayName":"logisticx","name":"projects/logisticx-4dd07","resources":{"hostingSite":"logisticx-4dd07"},"state":"ACTIVE","etag":"1_fb370bcf-3721-4b72-9b00-dd4a5f26ebcf"}
[info] 
[info] Your public directory is the folder (relative to your project directory) that
[info] will contain Hosting assets to be uploaded with firebase deploy. If you
[info] have a build process for your assets, use your build's output directory.
[info] 
[debug] [2025-02-07T17:57:22.492Z] >>> [apiv2][query] GET https://www.gstatic.com/firebasejs/releases.json [none]
[debug] [2025-02-07T17:57:23.383Z] <<< [apiv2][status] GET https://www.gstatic.com/firebasejs/releases.json 200
[debug] [2025-02-07T17:57:23.383Z] <<< [apiv2][body] GET https://www.gstatic.com/firebasejs/releases.json {"current":{"version":"11.3.0","browserURL":"https://www.gstatic.com/firebasejs/11.3.0/firebase.js","packageURL":"https://www.gstatic.com/firebasejs/11.3.0/firebase.tgz"},"live":{"version":"11.3","browserURL":"https://www.gstatic.com/firebasejs/live/11.3/firebase.js","packageURL":"https://www.gstatic.com/firebasejs/live/11.3/firebase.tgz"},"components":{"analytics":"https://www.gstatic.com/firebasejs/11.3.0/firebase-analytics.js","app":"https://www.gstatic.com/firebasejs/11.3.0/firebase-app.js","app-check":"https://www.gstatic.com/firebasejs/11.3.0/firebase-app-check.js","auth":"https://www.gstatic.com/firebasejs/11.3.0/firebase-auth.js","auth/cordova":"https://www.gstatic.com/firebasejs/11.3.0/firebase-auth/cordova.js","auth/web-extension":"https://www.gstatic.com/firebasejs/11.3.0/firebase-auth/web-extension.js","functions":"https://www.gstatic.com/firebasejs/11.3.0/firebase-functions.js","firestore":"https://www.gstatic.com/firebasejs/11.3.0/firebase-firestore.js","firestore/lite":"https://www.gstatic.com/firebasejs/11.3.0/firebase-firestore/lite.js","installations":"https://www.gstatic.com/firebasejs/11.3.0/firebase-installations.js","storage":"https://www.gstatic.com/firebasejs/11.3.0/firebase-storage.js","performance":"https://www.gstatic.com/firebasejs/11.3.0/firebase-performance.js","remote-config":"https://www.gstatic.com/firebasejs/11.3.0/firebase-remote-config.js","messaging":"https://www.gstatic.com/firebasejs/11.3.0/firebase-messaging.js","messaging/sw":"https://www.gstatic.com/firebasejs/11.3.0/firebase-messaging/sw.js","database":"https://www.gstatic.com/firebasejs/11.3.0/firebase-database.js","vertexai":"https://www.gstatic.com/firebasejs/11.3.0/firebase-vertexai.js","data-connect":"https://www.gstatic.com/firebasejs/11.3.0/firebase-data-connect.js","firestore.memory":"https://www.gstatic.com/firebasejs/11.3.0/firebase-firestore.memory.js"}}
[info] ✔  Wrote public/index.html 
[info] 
[info] i  Detected a .git folder at /home/acer/fabric/fabric-samples 
[info] i  Authorizing with GitHub to upload your service account to a GitHub repository's secrets store. 
[info] 
[info] Visit this URL on this device to log in:
[info] https://github.com/login/oauth/authorize?client_id=89cf50f02ac6aaed3484&state=182568282&redirect_uri=http%3A%2F%2Flocalhost%3A9005&scope=read%3Auser%20repo%20public_repo
[info] 
[info] Waiting for authentication...
